<?xml version="1.0" encoding="UTF-8"?>
<!-- Generated by org.testng.reporters.JUnitXMLReporter -->
<testsuite hostname="nblap247" name="ExampleListener" tests="3" failures="1" timestamp="20 Sep 2019 12:40:27 GMT" time="0.029" errors="0">
  <testcase name="testMethod2" time="0.01" classname="testng.ListenerTest">
    <failure type="java.lang.AssertionError" message="expected [true] but found [false]">
      <![CDATA[java.lang.AssertionError: expected [true] but found [false]
	at testng.ListenerTest.testMethod2(ListenerTest.java:17)
... Removed 28 stack frames]]>
    </failure>
  </testcase> <!-- testMethod2 -->
  <testcase name="testMethod1" time="0.001" classname="testng.ListenerTest"/>
  <testcase name="testMethod3" time="0.001" classname="testng.ListenerTest">
    <skipped/>
  </testcase> <!-- testMethod3 -->
</testsuite> <!-- ExampleListener -->
